#
# There is insufficient memory for the Java Runtime Environment to continue.
# Native memory allocation (malloc) failed to allocate 110896 bytes. Error detail: Chunk::new
# Possible reasons:
#   The system is out of physical RAM or swap space
#   This process is running with CompressedOops enabled, and the Java Heap may be blocking the growth of the native heap
# Possible solutions:
#   Reduce memory load on the system
#   Increase physical memory or swap space
#   Check if swap backing store is full
#   Decrease Java heap size (-Xmx/-Xms)
#   Decrease number of Java threads
#   Decrease Java thread stack sizes (-Xss)
#   Set larger code cache with -XX:ReservedCodeCacheSize=
#   JVM is running with Unscaled Compressed Oops mode in which the Java heap is
#     placed in the first 4GB address space. The Java Heap base address is the
#     maximum limit for the native heap growth. Please use -XX:HeapBaseMinAddress
#     to set the Java Heap base and to place the Java Heap above 4GB virtual address.
# This output file may be truncated or incomplete.
#
#  Out of Memory Error (arena.cpp:191), pid=4928, tid=21296
#
# JRE version: OpenJDK Runtime Environment Temurin-17.0.13+11 (17.0.13+11) (build 17.0.13+11)
# Java VM: OpenJDK 64-Bit Server VM Temurin-17.0.13+11 (17.0.13+11, mixed mode, tiered, compressed oops, compressed class ptrs, parallel gc, windows-amd64)
# No core dump will be written. Minidumps are not enabled by default on client versions of Windows
#

---------------  S U M M A R Y ------------

Command Line: --add-modules=ALL-SYSTEM --add-opens=java.base/java.util=ALL-UNNAMED --add-opens=java.base/java.lang=ALL-UNNAMED --add-opens=java.base/sun.nio.fs=ALL-UNNAMED -Declipse.application=org.eclipse.jdt.ls.core.id1 -Dosgi.bundles.defaultStartLevel=4 -Declipse.product=org.eclipse.jdt.ls.core.product -Djava.import.generatesMetadataFilesAtProjectRoot=false -DDetectVMInstallationsJob.disabled=true -Dfile.encoding=utf8 -XX:+UseParallelGC -XX:GCTimeRatio=4 -XX:AdaptiveSizePolicyWeight=90 -Dsun.zip.disableMemoryMapping=true -Xmx1G -Xms100m -Xlog:disable -javaagent:c:\Users\Alcides Mejia\.vscode\extensions\redhat.java-1.36.0-win32-x64\lombok\lombok-1.18.35.jar c:\Users\Alcides Mejia\.vscode\extensions\redhat.java-1.36.0-win32-x64\server\plugins\org.eclipse.equinox.launcher_1.6.900.v20240613-2009.jar -configuration c:\Users\Alcides Mejia\AppData\Roaming\Code\User\globalStorage\redhat.java\1.36.0\config_ss_win -data c:\Users\Alcides Mejia\AppData\Roaming\Code\User\workspaceStorage\c7a02d9f77fcdc3fc77a5cd6ef827820\redhat.java\ss_ws --pipe=\\.\pipe\lsp-9e314db71087edb8033c1edc7e723247-sock

Host: 11th Gen Intel(R) Core(TM) i5-11400H @ 2.70GHz, 12 cores, 7G,  Windows 11 , 64 bit Build 22621 (10.0.22621.4391)
Time: Sat Nov  2 15:23:07 2024 Hora est. Pacífico, Sudamérica elapsed time: 0.669623 seconds (0d 0h 0m 0s)

---------------  T H R E A D  ---------------

Current thread (0x0000023da0a22c60):  JavaThread "C2 CompilerThread1" daemon [_thread_in_native, id=21296, stack(0x0000005f17500000,0x0000005f17600000)]


Current CompileTask:
C2:    669  474       4       java.lang.String::replace (42 bytes)

Stack: [0x0000005f17500000,0x0000005f17600000]
Native frames: (J=compiled Java code, j=interpreted, Vv=VM code, C=native code)
V  [jvm.dll+0x682a19]
V  [jvm.dll+0x839538]
V  [jvm.dll+0x83afe3]
V  [jvm.dll+0x83b653]
V  [jvm.dll+0x24704f]
V  [jvm.dll+0xace34]
V  [jvm.dll+0xad4cc]
V  [jvm.dll+0x36597e]
V  [jvm.dll+0x32fbd8]
V  [jvm.dll+0x32f05a]
V  [jvm.dll+0x21804f]
V  [jvm.dll+0x21748f]
V  [jvm.dll+0x1a3070]
V  [jvm.dll+0x22788c]
V  [jvm.dll+0x2259eb]
V  [jvm.dll+0x7eec98]
V  [jvm.dll+0x7e8ffc]
V  [jvm.dll+0x6818f7]
C  [ucrtbase.dll+0x29333]
C  [KERNEL32.DLL+0x1259d]
C  [ntdll.dll+0x5af38]


---------------  P R O C E S S  ---------------

Threads class SMR info:
_java_thread_list=0x0000023da205e2a0, length=14, elements={
0x0000023d87854db0, 0x0000023d9b6d6020, 0x0000023d9b6d9620, 0x0000023da08268c0,
0x0000023da0827190, 0x0000023da0827a60, 0x0000023da0828330, 0x0000023da082bda0,
0x0000023da082d770, 0x0000023da082f240, 0x0000023d878b7860, 0x0000023da0a22c60,
0x0000023da0b57cf0, 0x0000023da2002fe0
}

Java Threads: ( => current thread )
  0x0000023d87854db0 JavaThread "main" [_thread_in_vm, id=20280, stack(0x0000005f16800000,0x0000005f16900000)]
  0x0000023d9b6d6020 JavaThread "Reference Handler" daemon [_thread_blocked, id=16216, stack(0x0000005f16b00000,0x0000005f16c00000)]
  0x0000023d9b6d9620 JavaThread "Finalizer" daemon [_thread_blocked, id=21788, stack(0x0000005f16c00000,0x0000005f16d00000)]
  0x0000023da08268c0 JavaThread "Signal Dispatcher" daemon [_thread_blocked, id=22208, stack(0x0000005f16d00000,0x0000005f16e00000)]
  0x0000023da0827190 JavaThread "Attach Listener" daemon [_thread_blocked, id=24936, stack(0x0000005f16e00000,0x0000005f16f00000)]
  0x0000023da0827a60 JavaThread "Service Thread" daemon [_thread_blocked, id=19256, stack(0x0000005f16f00000,0x0000005f17000000)]
  0x0000023da0828330 JavaThread "Monitor Deflation Thread" daemon [_thread_blocked, id=19184, stack(0x0000005f17000000,0x0000005f17100000)]
  0x0000023da082bda0 JavaThread "C2 CompilerThread0" daemon [_thread_blocked, id=7028, stack(0x0000005f17100000,0x0000005f17200000)]
  0x0000023da082d770 JavaThread "C1 CompilerThread0" daemon [_thread_blocked, id=26528, stack(0x0000005f17200000,0x0000005f17300000)]
  0x0000023da082f240 JavaThread "Sweeper thread" daemon [_thread_blocked, id=31968, stack(0x0000005f17300000,0x0000005f17400000)]
  0x0000023d878b7860 JavaThread "Common-Cleaner" daemon [_thread_blocked, id=13084, stack(0x0000005f17400000,0x0000005f17500000)]
=>0x0000023da0a22c60 JavaThread "C2 CompilerThread1" daemon [_thread_in_native, id=21296, stack(0x0000005f17500000,0x0000005f17600000)]
  0x0000023da0b57cf0 JavaThread "C2 CompilerThread2" daemon [_thread_blocked, id=29360, stack(0x0000005f17600000,0x0000005f17700000)]
  0x0000023da2002fe0 JavaThread "Notification Thread" daemon [_thread_blocked, id=5644, stack(0x0000005f17700000,0x0000005f17800000)]

Other Threads:
  0x0000023da07f3870 VMThread "VM Thread" [stack: 0x0000005f16a00000,0x0000005f16b00000] [id=20908]
  0x0000023da20034c0 WatcherThread [stack: 0x0000005f17800000,0x0000005f17900000] [id=7200]
  0x0000023d8786c7e0 GCTaskThread "GC Thread#0" [stack: 0x0000005f16900000,0x0000005f16a00000] [id=12452]

Threads with active compile tasks:
C2 CompilerThread1      694  474       4       java.lang.String::replace (42 bytes)

VM state: not at safepoint (normal execution)

VM Mutex/Monitor currently owned by a thread:  ([mutex/lock_event])
[0x0000023d878502b0] Metaspace_lock - owner thread: 0x0000023d87854db0

Heap address: 0x00000000c0000000, size: 1024 MB, Compressed Oops mode: 32-bit

CDS archive(s) not mapped
Compressed class space mapped at: 0x0000000100000000-0x0000000140000000, reserved size: 1073741824
Narrow klass base: 0x0000000000000000, Narrow klass shift: 3, Narrow klass range: 0x140000000

GC Precious Log:
 CPUs: 12 total, 12 available
 Memory: 7955M
 Large Page Support: Disabled
 NUMA Support: Disabled
 Compressed Oops: Enabled (32-bit)
 Alignments: Space 512K, Generation 512K, Heap 2M
 Heap Min Capacity: 100M
 Heap Initial Capacity: 100M
 Heap Max Capacity: 1G
 Pre-touch: Disabled
 Parallel Workers: 10

Heap:
 PSYoungGen      total 29696K, used 9939K [0x00000000eab00000, 0x00000000ecc00000, 0x0000000100000000)
  eden space 25600K, 38% used [0x00000000eab00000,0x00000000eb4b4df8,0x00000000ec400000)
  from space 4096K, 0% used [0x00000000ec800000,0x00000000ec800000,0x00000000ecc00000)
  to   space 4096K, 0% used [0x00000000ec400000,0x00000000ec400000,0x00000000ec800000)
 ParOldGen       total 68608K, used 0K [0x00000000c0000000, 0x00000000c4300000, 0x00000000eab00000)
  object space 68608K, 0% used [0x00000000c0000000,0x00000000c0000000,0x00000000c4300000)
 Metaspace       used 7360K, committed 7424K, reserved 1114112K
  class space    used 720K, committed 768K, reserved 1048576K

Card table byte_map: [0x0000023d871e0000,0x0000023d873f0000] _byte_map_base: 0x0000023d86be0000

Marking Bits: (ParMarkBitMap*) 0x00007ffb0dec6940
 Begin Bits: [0x0000023d994e0000, 0x0000023d9a4e0000)
 End Bits:   [0x0000023d9a4e0000, 0x0000023d9b4e0000)

Polling page: 0x0000023d857e0000

Metaspace:

Usage:
  Non-class:      6.48 MB used.
      Class:    720.74 KB used.
       Both:      7.19 MB used.

Virtual space:
  Non-class space:       64.00 MB reserved,       6.50 MB ( 10%) committed,  1 nodes.
      Class space:        1.00 GB reserved,     768.00 KB ( <1%) committed,  1 nodes.
             Both:        1.06 GB reserved,       7.25 MB ( <1%) committed. 

Chunk freelists:
   Non-Class:  9.00 MB
       Class:  15.21 MB
        Both:  24.21 MB

MaxMetaspaceSize: unlimited
CompressedClassSpaceSize: 1.00 GB
Initial GC threshold: 21.00 MB
Current GC threshold: 21.00 MB
CDS: off
MetaspaceReclaimPolicy: balanced
 - commit_granule_bytes: 65536.
 - commit_granule_words: 8192.
 - virtual_space_node_default_size: 8388608.
 - enlarge_chunks_in_place: 1.
 - new_chunks_are_fully_committed: 0.
 - uncommit_free_chunks: 1.
 - use_allocation_guard: 0.
 - handle_deallocations: 1.


Internal statistics:

num_allocs_failed_limit: 0.
num_arena_births: 10.
num_arena_deaths: 0.
num_vsnodes_births: 2.
num_vsnodes_deaths: 0.
num_space_committed: 116.
num_space_uncommitted: 0.
num_chunks_returned_to_freelist: 0.
num_chunks_taken_from_freelist: 40.
num_chunk_merges: 0.
num_chunk_splits: 23.
num_chunks_enlarged: 21.
num_inconsistent_stats: 0.

CodeHeap 'non-profiled nmethods': size=120000Kb used=174Kb max_used=174Kb free=119825Kb
 bounds [0x0000023d91fb0000, 0x0000023d92220000, 0x0000023d994e0000]
CodeHeap 'profiled nmethods': size=120000Kb used=628Kb max_used=628Kb free=119371Kb
 bounds [0x0000023d8a4e0000, 0x0000023d8a750000, 0x0000023d91a10000]
CodeHeap 'non-nmethods': size=5760Kb used=1116Kb max_used=1139Kb free=4644Kb
 bounds [0x0000023d91a10000, 0x0000023d91c80000, 0x0000023d91fb0000]
 total_blobs=865 nmethods=479 adapters=301
 compilation: enabled
              stopped_count=0, restarted_count=0
 full_count=0

Compilation events (20 events):
Event: 0.654 Thread 0x0000023da082d770 nmethod 472 0x0000023d8a57bc10 code [0x0000023d8a57bde0, 0x0000023d8a57c118]
Event: 0.654 Thread 0x0000023da082d770  471       3       sun.security.util.ObjectIdentifier::pack7Oid (42 bytes)
Event: 0.654 Thread 0x0000023da082d770 nmethod 471 0x0000023d8a57c290 code [0x0000023d8a57c440, 0x0000023d8a57c628]
Event: 0.657 Thread 0x0000023da0b57cf0 nmethod 470 0x0000023d91fd9210 code [0x0000023d91fd93a0, 0x0000023d91fd9698]
Event: 0.657 Thread 0x0000023da0b57cf0  473       4       java.util.ArrayList$Itr::next (66 bytes)
Event: 0.658 Thread 0x0000023da0a22c60  474       4       java.lang.String::replace (42 bytes)
Event: 0.660 Thread 0x0000023da0b57cf0 nmethod 473 0x0000023d91fd9810 code [0x0000023d91fd99a0, 0x0000023d91fd9ad8]
Event: 0.662 Thread 0x0000023da082d770  475       1       sun.security.util.KnownOIDs::value (5 bytes)
Event: 0.663 Thread 0x0000023da082d770 nmethod 475 0x0000023d91fd9c10 code [0x0000023d91fd9da0, 0x0000023d91fd9e78]
Event: 0.663 Thread 0x0000023da082d770  479       3       java.lang.String::toUpperCase (29 bytes)
Event: 0.663 Thread 0x0000023da082bda0  481   !   4       java.lang.String::replace (258 bytes)
Event: 0.664 Thread 0x0000023da082d770 nmethod 479 0x0000023d8a57c710 code [0x0000023d8a57c8e0, 0x0000023d8a57cb98]
Event: 0.664 Thread 0x0000023da082d770  476       1       java.security.Provider$Service::getType (5 bytes)
Event: 0.664 Thread 0x0000023da082d770 nmethod 476 0x0000023d91fd9f10 code [0x0000023d91fda0a0, 0x0000023d91fda178]
Event: 0.664 Thread 0x0000023da082d770  477       1       java.security.Provider$Service::getAlgorithm (5 bytes)
Event: 0.664 Thread 0x0000023da082d770 nmethod 477 0x0000023d91fda210 code [0x0000023d91fda3a0, 0x0000023d91fda478]
Event: 0.664 Thread 0x0000023da082d770  478       1       java.security.Provider$Service::getAliases (5 bytes)
Event: 0.664 Thread 0x0000023da082d770 nmethod 478 0x0000023d91fda510 code [0x0000023d91fda6a0, 0x0000023d91fda778]
Event: 0.664 Thread 0x0000023da082d770  480  s    3       java.util.Properties::put (10 bytes)
Event: 0.664 Thread 0x0000023da082d770 nmethod 480 0x0000023d8a57cc90 code [0x0000023d8a57ce40, 0x0000023d8a57d0a8]

GC Heap History (0 events):
No events

Dll operation events (8 events):
Event: 0.045 Loaded shared library c:\Users\Alcides Mejia\.vscode\extensions\redhat.java-1.36.0-win32-x64\jre\17.0.13-win32-x86_64\bin\java.dll
Event: 0.279 Loaded shared library c:\Users\Alcides Mejia\.vscode\extensions\redhat.java-1.36.0-win32-x64\jre\17.0.13-win32-x86_64\bin\zip.dll
Event: 0.283 Loaded shared library C:\Users\Alcides Mejia\.vscode\extensions\redhat.java-1.36.0-win32-x64\jre\17.0.13-win32-x86_64\bin\instrument.dll
Event: 0.302 Loaded shared library C:\Users\Alcides Mejia\.vscode\extensions\redhat.java-1.36.0-win32-x64\jre\17.0.13-win32-x86_64\bin\net.dll
Event: 0.304 Loaded shared library C:\Users\Alcides Mejia\.vscode\extensions\redhat.java-1.36.0-win32-x64\jre\17.0.13-win32-x86_64\bin\nio.dll
Event: 0.310 Loaded shared library C:\Users\Alcides Mejia\.vscode\extensions\redhat.java-1.36.0-win32-x64\jre\17.0.13-win32-x86_64\bin\zip.dll
Event: 0.326 Loaded shared library C:\Users\Alcides Mejia\.vscode\extensions\redhat.java-1.36.0-win32-x64\jre\17.0.13-win32-x86_64\bin\jimage.dll
Event: 0.411 Loaded shared library c:\Users\Alcides Mejia\.vscode\extensions\redhat.java-1.36.0-win32-x64\jre\17.0.13-win32-x86_64\bin\verify.dll

Deoptimization events (20 events):
Event: 0.565 Thread 0x0000023d87854db0 DEOPT PACKING pc=0x0000023d8a530228 sp=0x0000005f168fac30
Event: 0.565 Thread 0x0000023d87854db0 DEOPT UNPACKING pc=0x0000023d91a6a9e3 sp=0x0000005f168fa0f0 mode 0
Event: 0.569 Thread 0x0000023d87854db0 DEOPT PACKING pc=0x0000023d8a530228 sp=0x0000005f168f9c10
Event: 0.569 Thread 0x0000023d87854db0 DEOPT UNPACKING pc=0x0000023d91a6a9e3 sp=0x0000005f168f90d0 mode 0
Event: 0.578 Thread 0x0000023d87854db0 DEOPT PACKING pc=0x0000023d8a530228 sp=0x0000005f168f9c10
Event: 0.578 Thread 0x0000023d87854db0 DEOPT UNPACKING pc=0x0000023d91a6a9e3 sp=0x0000005f168f90d0 mode 0
Event: 0.590 Thread 0x0000023d87854db0 DEOPT PACKING pc=0x0000023d8a530228 sp=0x0000005f168fb070
Event: 0.590 Thread 0x0000023d87854db0 DEOPT UNPACKING pc=0x0000023d91a6a9e3 sp=0x0000005f168fa530 mode 0
Event: 0.592 Thread 0x0000023d87854db0 DEOPT PACKING pc=0x0000023d8a530228 sp=0x0000005f168fb3a0
Event: 0.592 Thread 0x0000023d87854db0 DEOPT UNPACKING pc=0x0000023d91a6a9e3 sp=0x0000005f168fa860 mode 0
Event: 0.594 Thread 0x0000023d87854db0 DEOPT PACKING pc=0x0000023d8a530228 sp=0x0000005f168fc910
Event: 0.594 Thread 0x0000023d87854db0 DEOPT UNPACKING pc=0x0000023d91a6a9e3 sp=0x0000005f168fbdd0 mode 0
Event: 0.595 Thread 0x0000023d87854db0 DEOPT PACKING pc=0x0000023d8a530228 sp=0x0000005f168fc800
Event: 0.595 Thread 0x0000023d87854db0 DEOPT UNPACKING pc=0x0000023d91a6a9e3 sp=0x0000005f168fbcc0 mode 0
Event: 0.597 Thread 0x0000023d87854db0 DEOPT PACKING pc=0x0000023d8a530228 sp=0x0000005f168fb020
Event: 0.597 Thread 0x0000023d87854db0 DEOPT UNPACKING pc=0x0000023d91a6a9e3 sp=0x0000005f168fa4e0 mode 0
Event: 0.611 Thread 0x0000023d87854db0 Uncommon trap: trap_request=0xffffff45 fr.pc=0x0000023d91fbf95c relative=0x000000000000057c
Event: 0.611 Thread 0x0000023d87854db0 Uncommon trap: reason=unstable_if action=reinterpret pc=0x0000023d91fbf95c method=java.util.HashMap.putVal(ILjava/lang/Object;Ljava/lang/Object;ZZ)Ljava/lang/Object; @ 181 c2
Event: 0.613 Thread 0x0000023d87854db0 DEOPT PACKING pc=0x0000023d91fbf95c sp=0x0000005f168fdf70
Event: 0.613 Thread 0x0000023d87854db0 DEOPT UNPACKING pc=0x0000023d91a69ea3 sp=0x0000005f168fdee0 mode 2

Classes loaded (20 events):
Event: 0.661 Loading class sun/security/rsa/SunRsaSign done
Event: 0.661 Loading class sun/security/rsa/SunRsaSignEntries
Event: 0.662 Loading class sun/security/rsa/SunRsaSignEntries done
Event: 0.663 Loading class sun/security/rsa/RSAKeyFactory$Legacy
Event: 0.663 Loading class sun/security/rsa/RSAKeyFactory
Event: 0.664 Loading class java/security/KeyFactorySpi
Event: 0.664 Loading class java/security/KeyFactorySpi done
Event: 0.664 Loading class sun/security/rsa/RSAKeyFactory done
Event: 0.664 Loading class sun/security/rsa/RSAKeyFactory$Legacy done
Event: 0.664 Loading class java/security/spec/RSAPublicKeySpec
Event: 0.664 Loading class java/security/spec/RSAPublicKeySpec done
Event: 0.664 Loading class java/security/spec/RSAPrivateKeySpec
Event: 0.664 Loading class java/security/spec/RSAPrivateKeySpec done
Event: 0.664 Loading class java/security/spec/RSAPrivateCrtKeySpec
Event: 0.665 Loading class java/security/spec/RSAPrivateCrtKeySpec done
Event: 0.665 Loading class java/security/spec/PKCS8EncodedKeySpec
Event: 0.665 Loading class java/security/spec/PKCS8EncodedKeySpec done
Event: 0.665 Loading class sun/security/rsa/RSAUtil$KeyType
Event: 0.665 Loading class sun/security/rsa/RSAUtil$KeyType done
Event: 0.665 Loading class java/security/spec/PSSParameterSpec

Classes unloaded (0 events):
No events

Classes redefined (0 events):
No events

Internal exceptions (2 events):
Event: 0.249 Thread 0x0000023d87854db0 Exception <a 'java/lang/NoSuchMethodError'{0x00000000eacb56e8}: 'void java.lang.invoke.DirectMethodHandle$Holder.invokeStatic(java.lang.Object, java.lang.Object, java.lang.Object)'> (0x00000000eacb56e8) 
thrown [s\src\hotspot\share\interpreter\linkResolver.cpp, line 759]
Event: 0.463 Thread 0x0000023d87854db0 Exception <a 'java/lang/reflect/InvocationTargetException'{0x00000000eafface0}> (0x00000000eafface0) 
thrown [s\src\hotspot\share\runtime\reflection.cpp, line 1128]

VM Operations (2 events):
Event: 0.339 Executing VM operation: HandshakeAllThreads
Event: 0.339 Executing VM operation: HandshakeAllThreads done

Memory protections (0 events):
No events

Nmethod flushes (0 events):
No events

Events (14 events):
Event: 0.143 Thread 0x0000023d87854db0 Thread added: 0x0000023d87854db0
Event: 0.158 Thread 0x0000023d87854db0 Thread added: 0x0000023d9b6d6020
Event: 0.159 Thread 0x0000023d87854db0 Thread added: 0x0000023d9b6d9620
Event: 0.182 Thread 0x0000023d87854db0 Thread added: 0x0000023da08268c0
Event: 0.183 Thread 0x0000023d87854db0 Thread added: 0x0000023da0827190
Event: 0.183 Thread 0x0000023d87854db0 Thread added: 0x0000023da0827a60
Event: 0.183 Thread 0x0000023d87854db0 Thread added: 0x0000023da0828330
Event: 0.183 Thread 0x0000023d87854db0 Thread added: 0x0000023da082bda0
Event: 0.183 Thread 0x0000023d87854db0 Thread added: 0x0000023da082d770
Event: 0.183 Thread 0x0000023d87854db0 Thread added: 0x0000023da082f240
Event: 0.237 Thread 0x0000023d87854db0 Thread added: 0x0000023d878b7860
Event: 0.258 Thread 0x0000023da082d770 Thread added: 0x0000023da0a22c60
Event: 0.398 Thread 0x0000023da082bda0 Thread added: 0x0000023da0b57cf0
Event: 0.537 Thread 0x0000023d87854db0 Thread added: 0x0000023da2002fe0


Dynamic libraries:
0x00007ff772d60000 - 0x00007ff772d6e000 	c:\Users\Alcides Mejia\.vscode\extensions\redhat.java-1.36.0-win32-x64\jre\17.0.13-win32-x86_64\bin\java.exe
0x00007ffba3650000 - 0x00007ffba3867000 	C:\Windows\SYSTEM32\ntdll.dll
0x00007ffba1630000 - 0x00007ffba16f4000 	C:\Windows\System32\KERNEL32.DLL
0x00007ffba0950000 - 0x00007ffba0d09000 	C:\Windows\System32\KERNELBASE.dll
0x00007ffba0e30000 - 0x00007ffba0f41000 	C:\Windows\System32\ucrtbase.dll
0x00007ffb9a6c0000 - 0x00007ffb9a6d7000 	c:\Users\Alcides Mejia\.vscode\extensions\redhat.java-1.36.0-win32-x64\jre\17.0.13-win32-x86_64\bin\jli.dll
0x00007ffba28b0000 - 0x00007ffba2a5e000 	C:\Windows\System32\USER32.dll
0x00007ffba0e00000 - 0x00007ffba0e26000 	C:\Windows\System32\win32u.dll
0x00007ffb7e3a0000 - 0x00007ffb7e632000 	C:\Windows\WinSxS\amd64_microsoft.windows.common-controls_6595b64144ccf1df_6.0.22621.4391_none_2715d37f73803e96\COMCTL32.dll
0x00007ffba13c0000 - 0x00007ffba13e9000 	C:\Windows\System32\GDI32.dll
0x00007ffb93f60000 - 0x00007ffb93f7e000 	c:\Users\Alcides Mejia\.vscode\extensions\redhat.java-1.36.0-win32-x64\jre\17.0.13-win32-x86_64\bin\VCRUNTIME140.dll
0x00007ffba27f0000 - 0x00007ffba2897000 	C:\Windows\System32\msvcrt.dll
0x00007ffba0ff0000 - 0x00007ffba110b000 	C:\Windows\System32\gdi32full.dll
0x00007ffba0f50000 - 0x00007ffba0fea000 	C:\Windows\System32\msvcp_win.dll
0x00007ffba1860000 - 0x00007ffba1891000 	C:\Windows\System32\IMM32.DLL
0x00007ffb9b370000 - 0x00007ffb9b37c000 	c:\Users\Alcides Mejia\.vscode\extensions\redhat.java-1.36.0-win32-x64\jre\17.0.13-win32-x86_64\bin\vcruntime140_1.dll
0x00007ffb50160000 - 0x00007ffb501ed000 	c:\Users\Alcides Mejia\.vscode\extensions\redhat.java-1.36.0-win32-x64\jre\17.0.13-win32-x86_64\bin\msvcp140.dll
0x00007ffb0d320000 - 0x00007ffb0df8b000 	c:\Users\Alcides Mejia\.vscode\extensions\redhat.java-1.36.0-win32-x64\jre\17.0.13-win32-x86_64\bin\server\jvm.dll
0x00007ffba2a60000 - 0x00007ffba2b12000 	C:\Windows\System32\ADVAPI32.dll
0x00007ffba2c60000 - 0x00007ffba2d07000 	C:\Windows\System32\sechost.dll
0x00007ffba1110000 - 0x00007ffba1138000 	C:\Windows\System32\bcrypt.dll
0x00007ffba2b20000 - 0x00007ffba2c34000 	C:\Windows\System32\RPCRT4.dll
0x00007ffba1a60000 - 0x00007ffba1ad1000 	C:\Windows\System32\WS2_32.dll
0x00007ffb9f7c0000 - 0x00007ffb9f80d000 	C:\Windows\SYSTEM32\POWRPROF.dll
0x00007ffb9abb0000 - 0x00007ffb9abe4000 	C:\Windows\SYSTEM32\WINMM.dll
0x00007ffb9b130000 - 0x00007ffb9b13a000 	C:\Windows\SYSTEM32\VERSION.dll
0x00007ffb9f790000 - 0x00007ffb9f7a3000 	C:\Windows\SYSTEM32\UMPDC.dll
0x00007ffb9f9e0000 - 0x00007ffb9f9f8000 	C:\Windows\SYSTEM32\kernel.appcore.dll
0x00007ffb9ae80000 - 0x00007ffb9ae8a000 	c:\Users\Alcides Mejia\.vscode\extensions\redhat.java-1.36.0-win32-x64\jre\17.0.13-win32-x86_64\bin\jimage.dll
0x00007ffb9e220000 - 0x00007ffb9e452000 	C:\Windows\SYSTEM32\DBGHELP.DLL
0x00007ffba2360000 - 0x00007ffba26ef000 	C:\Windows\System32\combase.dll
0x00007ffba3530000 - 0x00007ffba3607000 	C:\Windows\System32\OLEAUT32.dll
0x00007ffb94f80000 - 0x00007ffb94fb2000 	C:\Windows\SYSTEM32\dbgcore.DLL
0x00007ffba0d80000 - 0x00007ffba0dfb000 	C:\Windows\System32\bcryptPrimitives.dll
0x00007ffb9a0c0000 - 0x00007ffb9a0ce000 	c:\Users\Alcides Mejia\.vscode\extensions\redhat.java-1.36.0-win32-x64\jre\17.0.13-win32-x86_64\bin\instrument.dll
0x00007ffb86690000 - 0x00007ffb866b5000 	c:\Users\Alcides Mejia\.vscode\extensions\redhat.java-1.36.0-win32-x64\jre\17.0.13-win32-x86_64\bin\java.dll
0x00007ffb93e20000 - 0x00007ffb93e38000 	c:\Users\Alcides Mejia\.vscode\extensions\redhat.java-1.36.0-win32-x64\jre\17.0.13-win32-x86_64\bin\zip.dll
0x00007ffba1ae0000 - 0x00007ffba2356000 	C:\Windows\System32\SHELL32.dll
0x00007ffb9e840000 - 0x00007ffb9f143000 	C:\Windows\SYSTEM32\windows.storage.dll
0x00007ffb9e700000 - 0x00007ffb9e83f000 	C:\Windows\SYSTEM32\wintypes.dll
0x00007ffba26f0000 - 0x00007ffba27e9000 	C:\Windows\System32\SHCORE.dll
0x00007ffba32a0000 - 0x00007ffba32fe000 	C:\Windows\System32\shlwapi.dll
0x00007ffba0880000 - 0x00007ffba08ab000 	C:\Windows\SYSTEM32\profapi.dll
0x00007ffb811b0000 - 0x00007ffb811c9000 	C:\Users\Alcides Mejia\.vscode\extensions\redhat.java-1.36.0-win32-x64\jre\17.0.13-win32-x86_64\bin\net.dll
0x00007ffb9b5d0000 - 0x00007ffb9b706000 	C:\Windows\SYSTEM32\WINHTTP.dll
0x00007ffb9ff00000 - 0x00007ffb9ff69000 	C:\Windows\system32\mswsock.dll
0x00007ffb6ee30000 - 0x00007ffb6ee46000 	C:\Users\Alcides Mejia\.vscode\extensions\redhat.java-1.36.0-win32-x64\jre\17.0.13-win32-x86_64\bin\nio.dll
0x00007ffb9a040000 - 0x00007ffb9a050000 	c:\Users\Alcides Mejia\.vscode\extensions\redhat.java-1.36.0-win32-x64\jre\17.0.13-win32-x86_64\bin\verify.dll

dbghelp: loaded successfully - version: 4.0.5 - missing functions: none
symbol engine: initialized successfully - sym options: 0x614 - pdb path: .;c:\Users\Alcides Mejia\.vscode\extensions\redhat.java-1.36.0-win32-x64\jre\17.0.13-win32-x86_64\bin;C:\Windows\SYSTEM32;C:\Windows\WinSxS\amd64_microsoft.windows.common-controls_6595b64144ccf1df_6.0.22621.4391_none_2715d37f73803e96;c:\Users\Alcides Mejia\.vscode\extensions\redhat.java-1.36.0-win32-x64\jre\17.0.13-win32-x86_64\bin\server

VM Arguments:
jvm_args: --add-modules=ALL-SYSTEM --add-opens=java.base/java.util=ALL-UNNAMED --add-opens=java.base/java.lang=ALL-UNNAMED --add-opens=java.base/sun.nio.fs=ALL-UNNAMED -Declipse.application=org.eclipse.jdt.ls.core.id1 -Dosgi.bundles.defaultStartLevel=4 -Declipse.product=org.eclipse.jdt.ls.core.product -Djava.import.generatesMetadataFilesAtProjectRoot=false -DDetectVMInstallationsJob.disabled=true -Dfile.encoding=utf8 -XX:+UseParallelGC -XX:GCTimeRatio=4 -XX:AdaptiveSizePolicyWeight=90 -Dsun.zip.disableMemoryMapping=true -Xmx1G -Xms100m -Xlog:disable -javaagent:c:\Users\Alcides Mejia\.vscode\extensions\redhat.java-1.36.0-win32-x64\lombok\lombok-1.18.35.jar 
java_command: c:\Users\Alcides Mejia\.vscode\extensions\redhat.java-1.36.0-win32-x64\server\plugins\org.eclipse.equinox.launcher_1.6.900.v20240613-2009.jar -configuration c:\Users\Alcides Mejia\AppData\Roaming\Code\User\globalStorage\redhat.java\1.36.0\config_ss_win -data c:\Users\Alcides Mejia\AppData\Roaming\Code\User\workspaceStorage\c7a02d9f77fcdc3fc77a5cd6ef827820\redhat.java\ss_ws --pipe=\\.\pipe\lsp-9e314db71087edb8033c1edc7e723247-sock
java_class_path (initial): c:\Users\Alcides Mejia\.vscode\extensions\redhat.java-1.36.0-win32-x64\server\plugins\org.eclipse.equinox.launcher_1.6.900.v20240613-2009.jar
Launcher Type: SUN_STANDARD

[Global flags]
    uintx AdaptiveSizePolicyWeight                 = 90                                        {product} {command line}
     intx CICompilerCount                          = 4                                         {product} {ergonomic}
    uintx GCTimeRatio                              = 4                                         {product} {command line}
   size_t InitialHeapSize                          = 104857600                                 {product} {command line}
   size_t MaxHeapSize                              = 1073741824                                {product} {command line}
   size_t MaxNewSize                               = 357564416                                 {product} {ergonomic}
   size_t MinHeapDeltaBytes                        = 524288                                    {product} {ergonomic}
   size_t MinHeapSize                              = 104857600                                 {product} {command line}
   size_t NewSize                                  = 34603008                                  {product} {ergonomic}
    uintx NonNMethodCodeHeapSize                   = 5839372                                {pd product} {ergonomic}
    uintx NonProfiledCodeHeapSize                  = 122909434                              {pd product} {ergonomic}
   size_t OldSize                                  = 70254592                                  {product} {ergonomic}
    uintx ProfiledCodeHeapSize                     = 122909434                              {pd product} {ergonomic}
    uintx ReservedCodeCacheSize                    = 251658240                              {pd product} {ergonomic}
     bool SegmentedCodeCache                       = true                                      {product} {ergonomic}
   size_t SoftMaxHeapSize                          = 1073741824                             {manageable} {ergonomic}
     bool UseCompressedClassPointers               = true                           {product lp64_product} {ergonomic}
     bool UseCompressedOops                        = true                           {product lp64_product} {ergonomic}
     bool UseLargePagesIndividualAllocation        = false                                  {pd product} {ergonomic}
     bool UseParallelGC                            = true                                      {product} {command line}

Logging:
Log output configuration:
 #0: stdout all=off uptime,level,tags
 #1: stderr all=off uptime,level,tags

Environment Variables:
JAVA_HOME=C:\Program Files\Java\jdk-21
PATH=C:\Program Files\Common Files\Oracle\Java\javapath;C:\Windows\system32;C:\Windows;C:\Windows\System32\Wbem;C:\Windows\System32\WindowsPowerShell\v1.0\;C:\Windows\System32\OpenSSH\;C:\Program Files (x86)\NVIDIA Corporation\PhysX\Common;C:\Program Files\NVIDIA Corporation\NVIDIA NvDLISR;C:\Windows\system32;C:\Windows;C:\Windows\System32\Wbem;C:\Windows\System32\WindowsPowerShell\v1.0\;C:\Windows\System32\OpenSSH\;C:\Program Files\Git\cmd;C:\Program Files\Microsoft SQL Server\150\Tools\Binn\;C:\Program Files\Microsoft SQL Server\Client SDK\ODBC\170\Tools\Binn\;C:\Program Files\dotnet\;C:\Program Files (x86)\Windows Kits\10\Windows Performance Toolkit\;C:\Program Files\MiKTeX\miktex\bin\x64\;C:\msys64\ucrt64\bin;C:\Strawberry\c\bin;C:\Strawberry\perl\site\bin;C:\Strawberry\perl\bin;C:\Program Files\Java\apache-maven-3.9.6-bin\apache-maven-3.9.6\bin;C:\Program Files\PuTTY\;C:\Program Files (x86)\Bitvise SSH Client;C:\Program Files\nodejs\;C:\xampp\php;C:\ProgramData\ComposerSetup\bin;C:\Users\Alcides Mejia\.console-ninja\.bin;C:\Users\Alcides Mejia\AppData\Local\Programs\Python\Python311\Scripts\;C:\Users\Alcides Mejia\AppData\Local\Programs\Python\Python311\;C:\Users\Alcides Mejia\AppData\Local\Microsoft\WindowsApps;C:\Users\Alcides Mejia\.dotnet\tools;C:\Users\Alcides Mejia\AppData\Local\Programs\Microsoft VS Code\bin;C:\Users\Alcides Mejia\AppData\Roaming\npm;C:\Users\Alcides Mejia\AppData\Roaming\Composer\vendor\bin;C:\Program Files\MongoDB\Server\8.0\bin;C:\Program Files\MongoDB\mongosh-2.3.1-win32-x64\bin;
USERNAME=Alcides Mejia
LANG=ES
OS=Windows_NT
PROCESSOR_IDENTIFIER=Intel64 Family 6 Model 141 Stepping 1, GenuineIntel
TMP=C:\Users\ALCIDE~1\AppData\Local\Temp
TEMP=C:\Users\ALCIDE~1\AppData\Local\Temp



Periodic native trim disabled


---------------  S Y S T E M  ---------------

OS:
 Windows 11 , 64 bit Build 22621 (10.0.22621.4391)
OS uptime: 9 days 19:04 hours
Hyper-V role detected

CPU: total 12 (initial active 12) (6 cores per cpu, 2 threads per core) family 6 model 141 stepping 1 microcode 0x3c, cx8, cmov, fxsr, ht, mmx, 3dnowpref, sse, sse2, sse3, ssse3, sse4.1, sse4.2, popcnt, lzcnt, tsc, tscinvbit, avx, avx2, aes, erms, clmul, bmi1, bmi2, adx, avx512f, avx512dq, avx512cd, avx512bw, avx512vl, sha, fma, vzeroupper, avx512_vpopcntdq, avx512_vpclmulqdq, avx512_vaes, avx512_vnni, clflush, clflushopt, clwb, avx512_vbmi2, avx512_vbmi, hv
Processor Information for all 12 processors :
  Max Mhz: 2688, Current Mhz: 2688, Mhz Limit: 2688

Memory: 4k page, system-wide physical 7955M (689M free)
TotalPageFile size 16147M (AvailPageFile size 2M)
current process WorkingSet (physical memory assigned to process): 47M, peak: 47M
current process commit charge ("private bytes"): 197M, peak: 197M

vm_info: OpenJDK 64-Bit Server VM (17.0.13+11) for windows-amd64 JRE (17.0.13+11), built on Oct 16 2024 00:10:08 by "admin" with MS VC++ 17.7 (VS2022)

END.
